<?xml version="1.0" encoding="UTF-8"?>
<!-- Generated by org.testng.reporters.JUnitXMLReporter -->
<testsuite ignored="0" hostname="LAPTOP-GCEPLDKO" failures="0" tests="1" name="Surefire test" time="0.613" errors="0" timestamp="2022-04-09T15:15:17 PDT">
  <testcase classname="testRunnerP2022327V1.TestRunnerP2022327V1" name="@BeforeTest LaunchApplicationURL" time="0.021">
    <failure type="java.lang.NullPointerException">
      <![CDATA[java.lang.NullPointerException
at utilityP2022327V1.TestBaseP2022327V1.initilize(TestBaseP2022327V1.java:33)
at testRunnerP2022327V1.TestRunnerP2022327V1.LaunchApplicationURL(TestRunnerP2022327V1.java:19)
... Removed 29 stack frames]]>
    </failure>
  </testcase> <!-- @BeforeTest LaunchApplicationURL -->
  <testcase classname="testRunnerP2022327V1.TestRunnerP2022327V1" name="@AfterTest CloseApplicationURL" time="-1.649542517721E9">
    <skipped/>
  </testcase> <!-- @AfterTest CloseApplicationURL -->
  <testcase classname="cucumber.api.testng.AbstractTestNGCucumberTests" name="feature" time="0.0">
    <skipped/>
  </testcase> <!-- feature -->
</testsuite> <!-- Surefire test -->
