-------------------------------------------------------------------------------
Test set: TestSuite
-------------------------------------------------------------------------------
Tests run: 3, Failures: 1, Errors: 0, Skipped: 2, Time elapsed: 1.581 s <<< FAILURE! - in TestSuite
LaunchApplicationURL(testRunnerP2022327V1.TestRunnerP2022327V1)  Time elapsed: 0.729 s  <<< FAILURE!
java.lang.NullPointerException
	at testRunnerP2022327V1.TestRunnerP2022327V1.LaunchApplicationURL(TestRunnerP2022327V1.java:19)

