<?xml version="1.0" encoding="UTF-8"?>
<testng-results ignored="0" total="1" passed="1" failed="0" skipped="0">
  <reporter-output>
  </reporter-output>
  <suite started-at="2022-05-03T14:26:21 PDT" name="Default suite" finished-at="2022-05-03T14:26:57 PDT" duration-ms="36410">
    <groups>
      <group name="cucumber">
        <method signature="AbstractTestNGCucumberTests.feature(cucumber.api.testng.CucumberFeatureWrapper)[pri:0, instance:testRunnerP2022327V1.TestRunnerP2022327V1@65f095f8]" name="feature" class="cucumber.api.testng.AbstractTestNGCucumberTests"/>
      </group> <!-- cucumber -->
    </groups>
    <test started-at="2022-05-03T14:26:21 PDT" name="Default test" finished-at="2022-05-03T14:26:57 PDT" duration-ms="36410">
      <class name="testRunnerP2022327V1.TestRunnerP2022327V1">
        <test-method is-config="true" signature="LaunchApplicationURL()[pri:0, instance:testRunnerP2022327V1.TestRunnerP2022327V1@65f095f8]" started-at="2022-05-03T14:26:21 PDT" name="LaunchApplicationURL" finished-at="2022-05-03T14:26:43 PDT" duration-ms="21558" status="PASS">
          <reporter-output>
          </reporter-output>
        </test-method> <!-- LaunchApplicationURL -->
        <test-method is-config="true" signature="setUpClass()[pri:0, instance:testRunnerP2022327V1.TestRunnerP2022327V1@65f095f8]" started-at="2022-05-03T14:26:43 PDT" name="setUpClass" finished-at="2022-05-03T14:26:43 PDT" duration-ms="407" status="PASS">
          <reporter-output>
          </reporter-output>
        </test-method> <!-- setUpClass -->
        <test-method signature="feature(cucumber.api.testng.CucumberFeatureWrapper)[pri:0, instance:testRunnerP2022327V1.TestRunnerP2022327V1@65f095f8]" started-at="2022-05-03T14:26:43 PDT" name="feature" description="Runs Cucumber Feature" data-provider="features" finished-at="2022-05-03T14:26:54 PDT" duration-ms="11124" status="PASS">
          <params>
            <param index="0">
              <value>
                <![CDATA[Login page is properly displayed]]>
              </value>
            </param>
          </params>
          <reporter-output>
          </reporter-output>
        </test-method> <!-- feature -->
        <test-method is-config="true" signature="tearDownClass()[pri:0, instance:testRunnerP2022327V1.TestRunnerP2022327V1@65f095f8]" started-at="2022-05-03T14:26:54 PDT" name="tearDownClass" finished-at="2022-05-03T14:26:55 PDT" duration-ms="259" status="PASS">
          <reporter-output>
          </reporter-output>
        </test-method> <!-- tearDownClass -->
        <test-method is-config="true" signature="CloseApplicationURL()[pri:0, instance:testRunnerP2022327V1.TestRunnerP2022327V1@65f095f8]" started-at="2022-05-03T14:26:55 PDT" name="CloseApplicationURL" finished-at="2022-05-03T14:26:57 PDT" duration-ms="2875" status="PASS">
          <reporter-output>
          </reporter-output>
        </test-method> <!-- CloseApplicationURL -->
      </class> <!-- testRunnerP2022327V1.TestRunnerP2022327V1 -->
    </test> <!-- Default test -->
  </suite> <!-- Default suite -->
</testng-results>
